Determining if the function sgemm_ exists failed with the following output:
Change Dir: /home/nikolas/varProj-gtsam/cmake-build-default/CMakeFiles/CMakeTmp

Run Build Command(s):/usr/bin/gmake -f Makefile cmTC_90dad/fast && /usr/bin/gmake  -f CMakeFiles/cmTC_90dad.dir/build.make CMakeFiles/cmTC_90dad.dir/build
gmake[1]: Entering directory '/home/nikolas/varProj-gtsam/cmake-build-default/CMakeFiles/CMakeTmp'
Building C object CMakeFiles/cmTC_90dad.dir/CheckFunctionExists.c.o
/usr/bin/cc   -DCHECK_FUNCTION_EXISTS=sgemm_ -o CMakeFiles/cmTC_90dad.dir/CheckFunctionExists.c.o -c /usr/share/cmake-3.22/Modules/CheckFunctionExists.c
Linking C executable cmTC_90dad
/usr/bin/cmake -E cmake_link_script CMakeFiles/cmTC_90dad.dir/link.txt --verbose=1
/usr/bin/cc  -DCHECK_FUNCTION_EXISTS=sgemm_ CMakeFiles/cmTC_90dad.dir/CheckFunctionExists.c.o -o cmTC_90dad 
/usr/bin/ld: CMakeFiles/cmTC_90dad.dir/CheckFunctionExists.c.o: in function `main':
CheckFunctionExists.c:(.text+0x14): undefined reference to `sgemm_'
collect2: error: ld returned 1 exit status
gmake[1]: *** [CMakeFiles/cmTC_90dad.dir/build.make:99: cmTC_90dad] Error 1
gmake[1]: Leaving directory '/home/nikolas/varProj-gtsam/cmake-build-default/CMakeFiles/CMakeTmp'
gmake: *** [Makefile:127: cmTC_90dad/fast] Error 2



Performing C++ SOURCE FILE Test COMPILER_HAS_WMISSING_OVERRIDE failed with the following output:
Change Dir: /home/nikolas/varProj-gtsam/cmake-build-default/CMakeFiles/CMakeTmp

Run Build Command(s):/usr/bin/gmake -f Makefile cmTC_31902/fast && /usr/bin/gmake  -f CMakeFiles/cmTC_31902.dir/build.make CMakeFiles/cmTC_31902.dir/build
gmake[1]: Entering directory '/home/nikolas/varProj-gtsam/cmake-build-default/CMakeFiles/CMakeTmp'
Building CXX object CMakeFiles/cmTC_31902.dir/src.cxx.o
/usr/bin/c++ -DCOMPILER_HAS_WMISSING_OVERRIDE  -Wmissing -std=gnu++17 -o CMakeFiles/cmTC_31902.dir/src.cxx.o -c /home/nikolas/varProj-gtsam/cmake-build-default/CMakeFiles/CMakeTmp/src.cxx
c++: error: unrecognized command-line option '-Wmissing'; did you mean '-Waliasing'?
gmake[1]: *** [CMakeFiles/cmTC_31902.dir/build.make:78: CMakeFiles/cmTC_31902.dir/src.cxx.o] Error 1
gmake[1]: Leaving directory '/home/nikolas/varProj-gtsam/cmake-build-default/CMakeFiles/CMakeTmp'
gmake: *** [Makefile:127: cmTC_31902/fast] Error 2


Source file was:
int main() { return 0; }
